35 행: lblDescription 컨트롤의 prjDownloadBooster.LinkLabel 클래스는 로드한 컨트롤 클래스가 아닙니다.
46 행: cmdEditHeaderName 컨트롤의 prjDownloadBooster.CommandButtonW 클래스는 로드한 컨트롤 클래스가 아닙니다.
57 행: txtEdit 컨트롤의 prjDownloadBooster.TextBoxW 클래스는 로드한 컨트롤 클래스가 아닙니다.
68 행: cmdDeleteHeader 컨트롤의 prjDownloadBooster.CommandButtonW 클래스는 로드한 컨트롤 클래스가 아닙니다.
79 행: cmdEditHeaderValue 컨트롤의 prjDownloadBooster.CommandButtonW 클래스는 로드한 컨트롤 클래스가 아닙니다.
90 행: cmdAddHeader 컨트롤의 prjDownloadBooster.CommandButtonW 클래스는 로드한 컨트롤 클래스가 아닙니다.
100 행: lvHeaders 컨트롤의 prjDownloadBooster.ListView 클래스는 로드한 컨트롤 클래스가 아닙니다.
119 행: imgFiles 컨트롤의 prjDownloadBooster.ImageList 클래스는 로드한 컨트롤 클래스가 아닙니다.
148 행: chkAutoYtdl 컨트롤의 prjDownloadBooster.CheckBoxW 클래스는 로드한 컨트롤 클래스가 아닙니다.
159 행: optDisableYtdl 컨트롤의 prjDownloadBooster.OptionButtonW 클래스는 로드한 컨트롤 클래스가 아닙니다.
171 행: optUseYtdl 컨트롤의 prjDownloadBooster.OptionButtonW 클래스는 로드한 컨트롤 클래스가 아닙니다.
182 행: fYtdl 컨트롤의 prjDownloadBooster.FrameW 클래스는 로드한 컨트롤 클래스가 아닙니다.
192 행: txtFormat 컨트롤의 prjDownloadBooster.ComboBoxW 클래스는 로드한 컨트롤 클래스가 아닙니다.
201 행: cbBitRate 컨트롤의 prjDownloadBooster.ComboBoxW 클래스는 로드한 컨트롤 클래스가 아닙니다.
212 행: optCBR 컨트롤의 prjDownloadBooster.OptionButtonW 클래스는 로드한 컨트롤 클래스가 아닙니다.
223 행: cbAudioFormat 컨트롤의 prjDownloadBooster.ComboBoxW 클래스는 로드한 컨트롤 클래스가 아닙니다.
234 행: cbVBR 컨트롤의 prjDownloadBooster.ComboBoxW 클래스는 로드한 컨트롤 클래스가 아닙니다.
245 행: optVBR 컨트롤의 prjDownloadBooster.OptionButtonW 클래스는 로드한 컨트롤 클래스가 아닙니다.
257 행: chkExtractAudio 컨트롤의 prjDownloadBooster.CheckBoxW 클래스는 로드한 컨트롤 클래스가 아닙니다.
288 행: tsTabStrip 컨트롤의 prjDownloadBooster.TabStrip 클래스는 로드한 컨트롤 클래스가 아닙니다.
298 행: CancelButton 컨트롤의 prjDownloadBooster.CommandButtonW 클래스는 로드한 컨트롤 클래스가 아닙니다.
309 행: OKButton 컨트롤의 prjDownloadBooster.CommandButtonW 클래스는 로드한 컨트롤 클래스가 아닙니다.
