51 행: optBackgroundColor의 _ExtentX 속성 이름이 잘못되었습니다. 
52 행: optBackgroundColor의 _ExtentY 속성 이름이 잘못되었습니다. 
71 행: optFrameTexture의 _ExtentX 속성 이름이 잘못되었습니다. 
72 행: optFrameTexture의 _ExtentY 속성 이름이 잘못되었습니다. 
81 행: optFrameTransparent의 _ExtentX 속성 이름이 잘못되었습니다. 
82 행: optFrameTransparent의 _ExtentY 속성 이름이 잘못되었습니다. 
263 행: optTexture의 _ExtentX 속성 이름이 잘못되었습니다. 
264 행: optTexture의 _ExtentY 속성 이름이 잘못되었습니다. 
273 행: optColor의 _ExtentX 속성 이름이 잘못되었습니다. 
274 행: optColor의 _ExtentY 속성 이름이 잘못되었습니다. 
283 행: optTransparent의 _ExtentX 속성 이름이 잘못되었습니다. 
284 행: optTransparent의 _ExtentY 속성 이름이 잘못되었습니다. 
51 행: optBackgroundColor의 _ExtentX 속성 이름이 잘못되었습니다. 
52 행: optBackgroundColor의 _ExtentY 속성 이름이 잘못되었습니다. 
71 행: optFrameTexture의 _ExtentX 속성 이름이 잘못되었습니다. 
72 행: optFrameTexture의 _ExtentY 속성 이름이 잘못되었습니다. 
81 행: optFrameTransparent의 _ExtentX 속성 이름이 잘못되었습니다. 
82 행: optFrameTransparent의 _ExtentY 속성 이름이 잘못되었습니다. 
263 행: optTexture의 _ExtentX 속성 이름이 잘못되었습니다. 
264 행: optTexture의 _ExtentY 속성 이름이 잘못되었습니다. 
273 행: optColor의 _ExtentX 속성 이름이 잘못되었습니다. 
274 행: optColor의 _ExtentY 속성 이름이 잘못되었습니다. 
283 행: optTransparent의 _ExtentX 속성 이름이 잘못되었습니다. 
284 행: optTransparent의 _ExtentY 속성 이름이 잘못되었습니다. 
