38 행: cmdCancel의 _ExtentX 속성 이름이 잘못되었습니다. 
39 행: cmdCancel의 _ExtentY 속성 이름이 잘못되었습니다. 
48 행: cmdNo의 _ExtentX 속성 이름이 잘못되었습니다. 
49 행: cmdNo의 _ExtentY 속성 이름이 잘못되었습니다. 
58 행: cmdYes의 _ExtentX 속성 이름이 잘못되었습니다. 
59 행: cmdYes의 _ExtentY 속성 이름이 잘못되었습니다. 
84 행: cmdOK의 _ExtentX 속성 이름이 잘못되었습니다. 
85 행: cmdOK의 _ExtentY 속성 이름이 잘못되었습니다. 
94 행: cmdRetry의 _ExtentX 속성 이름이 잘못되었습니다. 
95 행: cmdRetry의 _ExtentY 속성 이름이 잘못되었습니다. 
104 행: cmdAbort의 _ExtentX 속성 이름이 잘못되었습니다. 
105 행: cmdAbort의 _ExtentY 속성 이름이 잘못되었습니다. 
114 행: cmdIgnore의 _ExtentX 속성 이름이 잘못되었습니다. 
115 행: cmdIgnore의 _ExtentY 속성 이름이 잘못되었습니다. 
124 행: cmdFail의 _ExtentX 속성 이름이 잘못되었습니다. 
125 행: cmdFail의 _ExtentY 속성 이름이 잘못되었습니다. 
134 행: cmdHelp의 _ExtentX 속성 이름이 잘못되었습니다. 
135 행: cmdHelp의 _ExtentY 속성 이름이 잘못되었습니다. 
38 행: cmdCancel의 _ExtentX 속성 이름이 잘못되었습니다. 
39 행: cmdCancel의 _ExtentY 속성 이름이 잘못되었습니다. 
48 행: cmdNo의 _ExtentX 속성 이름이 잘못되었습니다. 
49 행: cmdNo의 _ExtentY 속성 이름이 잘못되었습니다. 
58 행: cmdYes의 _ExtentX 속성 이름이 잘못되었습니다. 
59 행: cmdYes의 _ExtentY 속성 이름이 잘못되었습니다. 
84 행: cmdOK의 _ExtentX 속성 이름이 잘못되었습니다. 
85 행: cmdOK의 _ExtentY 속성 이름이 잘못되었습니다. 
94 행: cmdRetry의 _ExtentX 속성 이름이 잘못되었습니다. 
95 행: cmdRetry의 _ExtentY 속성 이름이 잘못되었습니다. 
104 행: cmdAbort의 _ExtentX 속성 이름이 잘못되었습니다. 
105 행: cmdAbort의 _ExtentY 속성 이름이 잘못되었습니다. 
114 행: cmdIgnore의 _ExtentX 속성 이름이 잘못되었습니다. 
115 행: cmdIgnore의 _ExtentY 속성 이름이 잘못되었습니다. 
124 행: cmdFail의 _ExtentX 속성 이름이 잘못되었습니다. 
125 행: cmdFail의 _ExtentY 속성 이름이 잘못되었습니다. 
134 행: cmdHelp의 _ExtentX 속성 이름이 잘못되었습니다. 
135 행: cmdHelp의 _ExtentY 속성 이름이 잘못되었습니다. 
38 행: cmdCancel의 _ExtentX 속성 이름이 잘못되었습니다. 
39 행: cmdCancel의 _ExtentY 속성 이름이 잘못되었습니다. 
48 행: cmdNo의 _ExtentX 속성 이름이 잘못되었습니다. 
49 행: cmdNo의 _ExtentY 속성 이름이 잘못되었습니다. 
58 행: cmdYes의 _ExtentX 속성 이름이 잘못되었습니다. 
59 행: cmdYes의 _ExtentY 속성 이름이 잘못되었습니다. 
84 행: cmdOK의 _ExtentX 속성 이름이 잘못되었습니다. 
85 행: cmdOK의 _ExtentY 속성 이름이 잘못되었습니다. 
94 행: cmdRetry의 _ExtentX 속성 이름이 잘못되었습니다. 
95 행: cmdRetry의 _ExtentY 속성 이름이 잘못되었습니다. 
104 행: cmdAbort의 _ExtentX 속성 이름이 잘못되었습니다. 
105 행: cmdAbort의 _ExtentY 속성 이름이 잘못되었습니다. 
114 행: cmdIgnore의 _ExtentX 속성 이름이 잘못되었습니다. 
115 행: cmdIgnore의 _ExtentY 속성 이름이 잘못되었습니다. 
124 행: cmdFail의 _ExtentX 속성 이름이 잘못되었습니다. 
125 행: cmdFail의 _ExtentY 속성 이름이 잘못되었습니다. 
134 행: cmdHelp의 _ExtentX 속성 이름이 잘못되었습니다. 
135 행: cmdHelp의 _ExtentY 속성 이름이 잘못되었습니다. 
38 행: cmdCancel의 _ExtentX 속성 이름이 잘못되었습니다. 
39 행: cmdCancel의 _ExtentY 속성 이름이 잘못되었습니다. 
48 행: cmdNo의 _ExtentX 속성 이름이 잘못되었습니다. 
49 행: cmdNo의 _ExtentY 속성 이름이 잘못되었습니다. 
58 행: cmdYes의 _ExtentX 속성 이름이 잘못되었습니다. 
59 행: cmdYes의 _ExtentY 속성 이름이 잘못되었습니다. 
84 행: cmdOK의 _ExtentX 속성 이름이 잘못되었습니다. 
85 행: cmdOK의 _ExtentY 속성 이름이 잘못되었습니다. 
94 행: cmdRetry의 _ExtentX 속성 이름이 잘못되었습니다. 
95 행: cmdRetry의 _ExtentY 속성 이름이 잘못되었습니다. 
104 행: cmdAbort의 _ExtentX 속성 이름이 잘못되었습니다. 
105 행: cmdAbort의 _ExtentY 속성 이름이 잘못되었습니다. 
114 행: cmdIgnore의 _ExtentX 속성 이름이 잘못되었습니다. 
115 행: cmdIgnore의 _ExtentY 속성 이름이 잘못되었습니다. 
124 행: cmdFail의 _ExtentX 속성 이름이 잘못되었습니다. 
125 행: cmdFail의 _ExtentY 속성 이름이 잘못되었습니다. 
134 행: cmdHelp의 _ExtentX 속성 이름이 잘못되었습니다. 
135 행: cmdHelp의 _ExtentY 속성 이름이 잘못되었습니다. 
