23 행: txtURL 컨트롤의 prjDownloadBooster.TextBoxW 클래스는 로드한 컨트롤 클래스가 아닙니다.
32 행: cmdDownloadOptions 컨트롤의 prjDownloadBooster.CommandButtonW 클래스는 로드한 컨트롤 클래스가 아닙니다.
42 행: lvLogTest 컨트롤의 prjDownloadBooster.ListView 클래스는 로드한 컨트롤 클래스가 아닙니다.
53 행: cmdYtdlTest 컨트롤의 prjDownloadBooster.CommandButtonW 클래스는 로드한 컨트롤 클래스가 아닙니다.
64 행: cmdEdit 컨트롤의 prjDownloadBooster.CommandButtonW 클래스는 로드한 컨트롤 클래스가 아닙니다.
77 행: imgEdit 컨트롤의 prjDownloadBooster.ImageList 클래스는 로드한 컨트롤 클래스가 아닙니다.
87 행: cmdStopBatch 컨트롤의 prjDownloadBooster.CommandButtonW 클래스는 로드한 컨트롤 클래스가 아닙니다.
100 행: pbTotalProgressMarquee 컨트롤의 prjDownloadBooster.ProgressBar 클래스는 로드한 컨트롤 클래스가 아닙니다.
112 행: pbTotalProgress 컨트롤의 prjDownloadBooster.ProgressBar 클래스는 로드한 컨트롤 클래스가 아닙니다.
122 행: imgWrench 컨트롤의 prjDownloadBooster.ImageList 클래스는 로드한 컨트롤 클래스가 아닙니다.
132 행: imgErase 컨트롤의 prjDownloadBooster.ImageList 클래스는 로드한 컨트롤 클래스가 아닙니다.
142 행: sbStatusBar 컨트롤의 prjDownloadBooster.StatusBar 클래스는 로드한 컨트롤 클래스가 아닙니다.
152 행: lvBatchFiles 컨트롤의 prjDownloadBooster.ListView 클래스는 로드한 컨트롤 클래스가 아닙니다.
172 행: cmdAbout 컨트롤의 prjDownloadBooster.CommandButtonW 클래스는 로드한 컨트롤 클래스가 아닙니다.
183 행: cmdOptions 컨트롤의 prjDownloadBooster.CommandButtonW 클래스는 로드한 컨트롤 클래스가 아닙니다.
195 행: chkAutoRetry 컨트롤의 prjDownloadBooster.CheckBoxW 클래스는 로드한 컨트롤 클래스가 아닙니다.
205 행: cmdStop 컨트롤의 prjDownloadBooster.CommandButtonW 클래스는 로드한 컨트롤 클래스가 아닙니다.
218 행: chkContinueDownload 컨트롤의 prjDownloadBooster.CheckBoxW 클래스는 로드한 컨트롤 클래스가 아닙니다.
228 행: cmdOpenBatch 컨트롤의 prjDownloadBooster.CommandButtonW 클래스는 로드한 컨트롤 클래스가 아닙니다.
241 행: cmdDelete 컨트롤의 prjDownloadBooster.CommandButtonW 클래스는 로드한 컨트롤 클래스가 아닙니다.
254 행: imgDropdownReverse 컨트롤의 prjDownloadBooster.ImageList 클래스는 로드한 컨트롤 클래스가 아닙니다.
264 행: cmdOpenDropdown 컨트롤의 prjDownloadBooster.CommandButtonW 클래스는 로드한 컨트롤 클래스가 아닙니다.
277 행: imgDropdown 컨트롤의 prjDownloadBooster.ImageList 클래스는 로드한 컨트롤 클래스가 아닙니다.
287 행: cmdDeleteDropdown 컨트롤의 prjDownloadBooster.CommandButtonW 클래스는 로드한 컨트롤 클래스가 아닙니다.
300 행: imgPlusYellow 컨트롤의 prjDownloadBooster.ImageList 클래스는 로드한 컨트롤 클래스가 아닙니다.
310 행: cmdAddToQueue 컨트롤의 prjDownloadBooster.CommandButtonW 클래스는 로드한 컨트롤 클래스가 아닙니다.
323 행: cmdStartBatch 컨트롤의 prjDownloadBooster.CommandButtonW 클래스는 로드한 컨트롤 클래스가 아닙니다.
336 행: imgStopRed 컨트롤의 prjDownloadBooster.ImageList 클래스는 로드한 컨트롤 클래스가 아닙니다.
346 행: imgPlay 컨트롤의 prjDownloadBooster.ImageList 클래스는 로드한 컨트롤 클래스가 아닙니다.
356 행: imgDownload 컨트롤의 prjDownloadBooster.ImageList 클래스는 로드한 컨트롤 클래스가 아닙니다.
366 행: imgMinus 컨트롤의 prjDownloadBooster.ImageList 클래스는 로드한 컨트롤 클래스가 아닙니다.
376 행: imgOpenFile 컨트롤의 prjDownloadBooster.ImageList 클래스는 로드한 컨트롤 클래스가 아닙니다.
386 행: imgOpenFolder 컨트롤의 prjDownloadBooster.ImageList 클래스는 로드한 컨트롤 클래스가 아닙니다.
396 행: optTabThreads2 컨트롤의 prjDownloadBooster.OptionButtonW 클래스는 로드한 컨트롤 클래스가 아닙니다.
407 행: optTabDownload2 컨트롤의 prjDownloadBooster.OptionButtonW 클래스는 로드한 컨트롤 클래스가 아닙니다.
417 행: fDownloadInfo 컨트롤의 prjDownloadBooster.FrameW 클래스는 로드한 컨트롤 클래스가 아닙니다.
592 행: fThreadInfo 컨트롤의 prjDownloadBooster.FrameW 클래스는 로드한 컨트롤 클래스가 아닙니다.
612 행: fDummyScroll 컨트롤의 prjDownloadBooster.FrameW 클래스는 로드한 컨트롤 클래스가 아닙니다.
623 행: pbProgressOuterContainer 컨트롤의 prjDownloadBooster.FrameW 클래스는 로드한 컨트롤 클래스가 아닙니다.
633 행: pbProgressContainer 컨트롤의 prjDownloadBooster.FrameW 클래스는 로드한 컨트롤 클래스가 아닙니다.
643 행: pbProgressMarquee 컨트롤의 prjDownloadBooster.ProgressBar 클래스는 로드한 컨트롤 클래스가 아닙니다.
655 행: pbProgressMarquee 컨트롤의 prjDownloadBooster.ProgressBar 클래스는 로드한 컨트롤 클래스가 아닙니다.
667 행: pbProgressMarquee 컨트롤의 prjDownloadBooster.ProgressBar 클래스는 로드한 컨트롤 클래스가 아닙니다.
679 행: pbProgressMarquee 컨트롤의 prjDownloadBooster.ProgressBar 클래스는 로드한 컨트롤 클래스가 아닙니다.
691 행: pbProgressMarquee 컨트롤의 prjDownloadBooster.ProgressBar 클래스는 로드한 컨트롤 클래스가 아닙니다.
703 행: pbProgressMarquee 컨트롤의 prjDownloadBooster.ProgressBar 클래스는 로드한 컨트롤 클래스가 아닙니다.
715 행: pbProgressMarquee 컨트롤의 prjDownloadBooster.ProgressBar 클래스는 로드한 컨트롤 클래스가 아닙니다.
727 행: pbProgressMarquee 컨트롤의 prjDownloadBooster.ProgressBar 클래스는 로드한 컨트롤 클래스가 아닙니다.
739 행: pbProgressMarquee 컨트롤의 prjDownloadBooster.ProgressBar 클래스는 로드한 컨트롤 클래스가 아닙니다.
751 행: pbProgressMarquee 컨트롤의 prjDownloadBooster.ProgressBar 클래스는 로드한 컨트롤 클래스가 아닙니다.
763 행: pbProgressMarquee 컨트롤의 prjDownloadBooster.ProgressBar 클래스는 로드한 컨트롤 클래스가 아닙니다.
775 행: pbProgressMarquee 컨트롤의 prjDownloadBooster.ProgressBar 클래스는 로드한 컨트롤 클래스가 아닙니다.
787 행: pbProgressMarquee 컨트롤의 prjDownloadBooster.ProgressBar 클래스는 로드한 컨트롤 클래스가 아닙니다.
799 행: pbProgressMarquee 컨트롤의 prjDownloadBooster.ProgressBar 클래스는 로드한 컨트롤 클래스가 아닙니다.
811 행: pbProgressMarquee 컨트롤의 prjDownloadBooster.ProgressBar 클래스는 로드한 컨트롤 클래스가 아닙니다.
823 행: pbProgressMarquee 컨트롤의 prjDownloadBooster.ProgressBar 클래스는 로드한 컨트롤 클래스가 아닙니다.
835 행: pbProgressMarquee 컨트롤의 prjDownloadBooster.ProgressBar 클래스는 로드한 컨트롤 클래스가 아닙니다.
847 행: pbProgressMarquee 컨트롤의 prjDownloadBooster.ProgressBar 클래스는 로드한 컨트롤 클래스가 아닙니다.
859 행: pbProgressMarquee 컨트롤의 prjDownloadBooster.ProgressBar 클래스는 로드한 컨트롤 클래스가 아닙니다.
871 행: pbProgressMarquee 컨트롤의 prjDownloadBooster.ProgressBar 클래스는 로드한 컨트롤 클래스가 아닙니다.
883 행: pbProgressMarquee 컨트롤의 prjDownloadBooster.ProgressBar 클래스는 로드한 컨트롤 클래스가 아닙니다.
895 행: pbProgressMarquee 컨트롤의 prjDownloadBooster.ProgressBar 클래스는 로드한 컨트롤 클래스가 아닙니다.
907 행: pbProgressMarquee 컨트롤의 prjDownloadBooster.ProgressBar 클래스는 로드한 컨트롤 클래스가 아닙니다.
919 행: pbProgressMarquee 컨트롤의 prjDownloadBooster.ProgressBar 클래스는 로드한 컨트롤 클래스가 아닙니다.
931 행: pbProgressMarquee 컨트롤의 prjDownloadBooster.ProgressBar 클래스는 로드한 컨트롤 클래스가 아닙니다.
943 행: pbProgress 컨트롤의 prjDownloadBooster.ProgressBar 클래스는 로드한 컨트롤 클래스가 아닙니다.
955 행: pbProgress 컨트롤의 prjDownloadBooster.ProgressBar 클래스는 로드한 컨트롤 클래스가 아닙니다.
966 행: pbProgress 컨트롤의 prjDownloadBooster.ProgressBar 클래스는 로드한 컨트롤 클래스가 아닙니다.
977 행: pbProgress 컨트롤의 prjDownloadBooster.ProgressBar 클래스는 로드한 컨트롤 클래스가 아닙니다.
988 행: pbProgress 컨트롤의 prjDownloadBooster.ProgressBar 클래스는 로드한 컨트롤 클래스가 아닙니다.
999 행: pbProgress 컨트롤의 prjDownloadBooster.ProgressBar 클래스는 로드한 컨트롤 클래스가 아닙니다.
1010 행: pbProgress 컨트롤의 prjDownloadBooster.ProgressBar 클래스는 로드한 컨트롤 클래스가 아닙니다.
1021 행: pbProgress 컨트롤의 prjDownloadBooster.ProgressBar 클래스는 로드한 컨트롤 클래스가 아닙니다.
1032 행: pbProgress 컨트롤의 prjDownloadBooster.ProgressBar 클래스는 로드한 컨트롤 클래스가 아닙니다.
1043 행: pbProgress 컨트롤의 prjDownloadBooster.ProgressBar 클래스는 로드한 컨트롤 클래스가 아닙니다.
1054 행: pbProgress 컨트롤의 prjDownloadBooster.ProgressBar 클래스는 로드한 컨트롤 클래스가 아닙니다.
1065 행: pbProgress 컨트롤의 prjDownloadBooster.ProgressBar 클래스는 로드한 컨트롤 클래스가 아닙니다.
1076 행: pbProgress 컨트롤의 prjDownloadBooster.ProgressBar 클래스는 로드한 컨트롤 클래스가 아닙니다.
1087 행: pbProgress 컨트롤의 prjDownloadBooster.ProgressBar 클래스는 로드한 컨트롤 클래스가 아닙니다.
1098 행: pbProgress 컨트롤의 prjDownloadBooster.ProgressBar 클래스는 로드한 컨트롤 클래스가 아닙니다.
1109 행: pbProgress 컨트롤의 prjDownloadBooster.ProgressBar 클래스는 로드한 컨트롤 클래스가 아닙니다.
1120 행: pbProgress 컨트롤의 prjDownloadBooster.ProgressBar 클래스는 로드한 컨트롤 클래스가 아닙니다.
1131 행: pbProgress 컨트롤의 prjDownloadBooster.ProgressBar 클래스는 로드한 컨트롤 클래스가 아닙니다.
1142 행: pbProgress 컨트롤의 prjDownloadBooster.ProgressBar 클래스는 로드한 컨트롤 클래스가 아닙니다.
1153 행: pbProgress 컨트롤의 prjDownloadBooster.ProgressBar 클래스는 로드한 컨트롤 클래스가 아닙니다.
1164 행: pbProgress 컨트롤의 prjDownloadBooster.ProgressBar 클래스는 로드한 컨트롤 클래스가 아닙니다.
1175 행: pbProgress 컨트롤의 prjDownloadBooster.ProgressBar 클래스는 로드한 컨트롤 클래스가 아닙니다.
1186 행: pbProgress 컨트롤의 prjDownloadBooster.ProgressBar 클래스는 로드한 컨트롤 클래스가 아닙니다.
1197 행: pbProgress 컨트롤의 prjDownloadBooster.ProgressBar 클래스는 로드한 컨트롤 클래스가 아닙니다.
1208 행: pbProgress 컨트롤의 prjDownloadBooster.ProgressBar 클래스는 로드한 컨트롤 클래스가 아닙니다.
1696 행: txtDummyScroll 컨트롤의 prjDownloadBooster.TextBoxW 클래스는 로드한 컨트롤 클래스가 아닙니다.
1711 행: lvDummyScroll 컨트롤의 prjDownloadBooster.ListBoxW 클래스는 로드한 컨트롤 클래스가 아닙니다.
1734 행: cmdIncreaseThreads 컨트롤의 prjDownloadBooster.CommandButtonW 클래스는 로드한 컨트롤 클래스가 아닙니다.
1747 행: cmdDecreaseThreads 컨트롤의 prjDownloadBooster.CommandButtonW 클래스는 로드한 컨트롤 클래스가 아닙니다.
1760 행: cbWhenExist 컨트롤의 prjDownloadBooster.ComboBoxW 클래스는 로드한 컨트롤 클래스가 아닙니다.
1770 행: chkOpenAfterComplete 컨트롤의 prjDownloadBooster.CheckBoxW 클래스는 로드한 컨트롤 클래스가 아닙니다.
1780 행: chkOpenFolder 컨트롤의 prjDownloadBooster.CheckBoxW 클래스는 로드한 컨트롤 클래스가 아닙니다.
1790 행: cmdClear 컨트롤의 prjDownloadBooster.CommandButtonW 클래스는 로드한 컨트롤 클래스가 아닙니다.
1803 행: cmdAdd 컨트롤의 prjDownloadBooster.CommandButtonW 클래스는 로드한 컨트롤 클래스가 아닙니다.
1815 행: cmdBatch 컨트롤의 prjDownloadBooster.CommandButtonW 클래스는 로드한 컨트롤 클래스가 아닙니다.
1828 행: fTotal 컨트롤의 prjDownloadBooster.FrameW 클래스는 로드한 컨트롤 클래스가 아닙니다.
1862 행: fOptions 컨트롤의 prjDownloadBooster.FrameW 클래스는 로드한 컨트롤 클래스가 아닙니다.
1916 행: cmdOpen 컨트롤의 prjDownloadBooster.CommandButtonW 클래스는 로드한 컨트롤 클래스가 아닙니다.
1929 행: cmdOpenFolder 컨트롤의 prjDownloadBooster.CommandButtonW 클래스는 로드한 컨트롤 클래스가 아닙니다.
1947 행: trThreadCount 컨트롤의 prjDownloadBooster.Slider 클래스는 로드한 컨트롤 클래스가 아닙니다.
1963 행: cmdBrowse 컨트롤의 prjDownloadBooster.CommandButtonW 클래스는 로드한 컨트롤 클래스가 아닙니다.
1975 행: txtFileName 컨트롤의 prjDownloadBooster.TextBoxW 클래스는 로드한 컨트롤 클래스가 아닙니다.
1984 행: cmdGo 컨트롤의 prjDownloadBooster.CommandButtonW 클래스는 로드한 컨트롤 클래스가 아닙니다.
1996 행: Frame4 컨트롤의 prjDownloadBooster.FrameW 클래스는 로드한 컨트롤 클래스가 아닙니다.
2043 행: cmdOpenFileDropdown 컨트롤의 prjDownloadBooster.CommandButtonW 클래스는 로드한 컨트롤 클래스가 아닙니다.
2056 행: spYtdl 컨트롤의 prjDownloadBooster.ShellPipe 클래스는 로드한 컨트롤 클래스가 아닙니다.
2196 행: SP 컨트롤의 prjDownloadBooster.ShellPipe 클래스는 로드한 컨트롤 클래스가 아닙니다.
