72 행: txtCompleteSoundPath의 _ExtentX 속성 이름이 잘못되었습니다. 
73 행: txtCompleteSoundPath의 _ExtentY 속성 이름이 잘못되었습니다. 
132 행: txtAsterisk의 _ExtentX 속성 이름이 잘못되었습니다. 
133 행: txtAsterisk의 _ExtentY 속성 이름이 잘못되었습니다. 
192 행: txtExclamation의 _ExtentX 속성 이름이 잘못되었습니다. 
193 행: txtExclamation의 _ExtentY 속성 이름이 잘못되었습니다. 
252 행: txtError의 _ExtentX 속성 이름이 잘못되었습니다. 
253 행: txtError의 _ExtentY 속성 이름이 잘못되었습니다. 
312 행: txtQuestion의 _ExtentX 속성 이름이 잘못되었습니다. 
313 행: txtQuestion의 _ExtentY 속성 이름이 잘못되었습니다. 
459 행: txtEdit의 _ExtentX 속성 이름이 잘못되었습니다. 
460 행: txtEdit의 _ExtentY 속성 이름이 잘못되었습니다. 
648 행: cbLanguage의 _ExtentX 속성 이름이 잘못되었습니다. 
649 행: cbLanguage의 _ExtentY 속성 이름이 잘못되었습니다. 
658 행: cbFont의 _ExtentX 속성 이름이 잘못되었습니다. 
659 행: cbFont의 _ExtentY 속성 이름이 잘못되었습니다. 
756 행: txtMaxThreadCount의 _ExtentX 속성 이름이 잘못되었습니다. 
757 행: txtMaxThreadCount의 _ExtentY 속성 이름이 잘못되었습니다. 
778 행: cbWhenExist의 _ExtentX 속성 이름이 잘못되었습니다. 
779 행: cbWhenExist의 _ExtentY 속성 이름이 잘못되었습니다. 
839 행: txtOuterMaxThreadCount의 _ExtentX 속성 이름이 잘못되었습니다. 
840 행: txtOuterMaxThreadCount의 _ExtentY 속성 이름이 잘못되었습니다. 
937 행: txtYtdlPath의 _ExtentX 속성 이름이 잘못되었습니다. 
938 행: txtYtdlPath의 _ExtentY 속성 이름이 잘못되었습니다. 
946 행: txtNodePath의 _ExtentX 속성 이름이 잘못되었습니다. 
947 행: txtNodePath의 _ExtentY 속성 이름이 잘못되었습니다. 
955 행: txtScriptPath의 _ExtentX 속성 이름이 잘못되었습니다. 
956 행: txtScriptPath의 _ExtentY 속성 이름이 잘못되었습니다. 
1030 행: cbSkin의 _ExtentX 속성 이름이 잘못되었습니다. 
1031 행: cbSkin의 _ExtentY 속성 이름이 잘못되었습니다. 
1041 행: cbFrameSkin의 _ExtentX 속성 이름이 잘못되었습니다. 
1042 행: cbFrameSkin의 _ExtentY 속성 이름이 잘못되었습니다. 
1151 행: TextBoxW1의 _ExtentX 속성 이름이 잘못되었습니다. 
1152 행: TextBoxW1의 _ExtentY 속성 이름이 잘못되었습니다. 
1310 행: cbImagePosition의 _ExtentX 속성 이름이 잘못되었습니다. 
1311 행: cbImagePosition의 _ExtentY 속성 이름이 잘못되었습니다. 
72 행: txtCompleteSoundPath의 _ExtentX 속성 이름이 잘못되었습니다. 
73 행: txtCompleteSoundPath의 _ExtentY 속성 이름이 잘못되었습니다. 
132 행: txtAsterisk의 _ExtentX 속성 이름이 잘못되었습니다. 
133 행: txtAsterisk의 _ExtentY 속성 이름이 잘못되었습니다. 
192 행: txtExclamation의 _ExtentX 속성 이름이 잘못되었습니다. 
193 행: txtExclamation의 _ExtentY 속성 이름이 잘못되었습니다. 
252 행: txtError의 _ExtentX 속성 이름이 잘못되었습니다. 
253 행: txtError의 _ExtentY 속성 이름이 잘못되었습니다. 
312 행: txtQuestion의 _ExtentX 속성 이름이 잘못되었습니다. 
313 행: txtQuestion의 _ExtentY 속성 이름이 잘못되었습니다. 
459 행: txtEdit의 _ExtentX 속성 이름이 잘못되었습니다. 
460 행: txtEdit의 _ExtentY 속성 이름이 잘못되었습니다. 
648 행: cbLanguage의 _ExtentX 속성 이름이 잘못되었습니다. 
649 행: cbLanguage의 _ExtentY 속성 이름이 잘못되었습니다. 
658 행: cbFont의 _ExtentX 속성 이름이 잘못되었습니다. 
659 행: cbFont의 _ExtentY 속성 이름이 잘못되었습니다. 
756 행: txtMaxThreadCount의 _ExtentX 속성 이름이 잘못되었습니다. 
757 행: txtMaxThreadCount의 _ExtentY 속성 이름이 잘못되었습니다. 
778 행: cbWhenExist의 _ExtentX 속성 이름이 잘못되었습니다. 
779 행: cbWhenExist의 _ExtentY 속성 이름이 잘못되었습니다. 
839 행: txtOuterMaxThreadCount의 _ExtentX 속성 이름이 잘못되었습니다. 
840 행: txtOuterMaxThreadCount의 _ExtentY 속성 이름이 잘못되었습니다. 
937 행: txtYtdlPath의 _ExtentX 속성 이름이 잘못되었습니다. 
938 행: txtYtdlPath의 _ExtentY 속성 이름이 잘못되었습니다. 
946 행: txtNodePath의 _ExtentX 속성 이름이 잘못되었습니다. 
947 행: txtNodePath의 _ExtentY 속성 이름이 잘못되었습니다. 
955 행: txtScriptPath의 _ExtentX 속성 이름이 잘못되었습니다. 
956 행: txtScriptPath의 _ExtentY 속성 이름이 잘못되었습니다. 
1030 행: cbSkin의 _ExtentX 속성 이름이 잘못되었습니다. 
1031 행: cbSkin의 _ExtentY 속성 이름이 잘못되었습니다. 
1041 행: cbFrameSkin의 _ExtentX 속성 이름이 잘못되었습니다. 
1042 행: cbFrameSkin의 _ExtentY 속성 이름이 잘못되었습니다. 
1151 행: TextBoxW1의 _ExtentX 속성 이름이 잘못되었습니다. 
1152 행: TextBoxW1의 _ExtentY 속성 이름이 잘못되었습니다. 
1310 행: cbImagePosition의 _ExtentX 속성 이름이 잘못되었습니다. 
1311 행: cbImagePosition의 _ExtentY 속성 이름이 잘못되었습니다. 
72 행: txtCompleteSoundPath의 _ExtentX 속성 이름이 잘못되었습니다. 
73 행: txtCompleteSoundPath의 _ExtentY 속성 이름이 잘못되었습니다. 
132 행: txtAsterisk의 _ExtentX 속성 이름이 잘못되었습니다. 
133 행: txtAsterisk의 _ExtentY 속성 이름이 잘못되었습니다. 
192 행: txtExclamation의 _ExtentX 속성 이름이 잘못되었습니다. 
193 행: txtExclamation의 _ExtentY 속성 이름이 잘못되었습니다. 
252 행: txtError의 _ExtentX 속성 이름이 잘못되었습니다. 
253 행: txtError의 _ExtentY 속성 이름이 잘못되었습니다. 
312 행: txtQuestion의 _ExtentX 속성 이름이 잘못되었습니다. 
313 행: txtQuestion의 _ExtentY 속성 이름이 잘못되었습니다. 
459 행: txtEdit의 _ExtentX 속성 이름이 잘못되었습니다. 
460 행: txtEdit의 _ExtentY 속성 이름이 잘못되었습니다. 
648 행: cbLanguage의 _ExtentX 속성 이름이 잘못되었습니다. 
649 행: cbLanguage의 _ExtentY 속성 이름이 잘못되었습니다. 
658 행: cbFont의 _ExtentX 속성 이름이 잘못되었습니다. 
659 행: cbFont의 _ExtentY 속성 이름이 잘못되었습니다. 
756 행: txtMaxThreadCount의 _ExtentX 속성 이름이 잘못되었습니다. 
757 행: txtMaxThreadCount의 _ExtentY 속성 이름이 잘못되었습니다. 
778 행: cbWhenExist의 _ExtentX 속성 이름이 잘못되었습니다. 
779 행: cbWhenExist의 _ExtentY 속성 이름이 잘못되었습니다. 
839 행: txtOuterMaxThreadCount의 _ExtentX 속성 이름이 잘못되었습니다. 
840 행: txtOuterMaxThreadCount의 _ExtentY 속성 이름이 잘못되었습니다. 
937 행: txtYtdlPath의 _ExtentX 속성 이름이 잘못되었습니다. 
938 행: txtYtdlPath의 _ExtentY 속성 이름이 잘못되었습니다. 
946 행: txtNodePath의 _ExtentX 속성 이름이 잘못되었습니다. 
947 행: txtNodePath의 _ExtentY 속성 이름이 잘못되었습니다. 
955 행: txtScriptPath의 _ExtentX 속성 이름이 잘못되었습니다. 
956 행: txtScriptPath의 _ExtentY 속성 이름이 잘못되었습니다. 
1030 행: cbSkin의 _ExtentX 속성 이름이 잘못되었습니다. 
1031 행: cbSkin의 _ExtentY 속성 이름이 잘못되었습니다. 
1041 행: cbFrameSkin의 _ExtentX 속성 이름이 잘못되었습니다. 
1042 행: cbFrameSkin의 _ExtentY 속성 이름이 잘못되었습니다. 
1151 행: TextBoxW1의 _ExtentX 속성 이름이 잘못되었습니다. 
1152 행: TextBoxW1의 _ExtentY 속성 이름이 잘못되었습니다. 
1310 행: cbImagePosition의 _ExtentX 속성 이름이 잘못되었습니다. 
1311 행: cbImagePosition의 _ExtentY 속성 이름이 잘못되었습니다. 
72 행: txtCompleteSoundPath의 _ExtentX 속성 이름이 잘못되었습니다. 
73 행: txtCompleteSoundPath의 _ExtentY 속성 이름이 잘못되었습니다. 
132 행: txtAsterisk의 _ExtentX 속성 이름이 잘못되었습니다. 
133 행: txtAsterisk의 _ExtentY 속성 이름이 잘못되었습니다. 
192 행: txtExclamation의 _ExtentX 속성 이름이 잘못되었습니다. 
193 행: txtExclamation의 _ExtentY 속성 이름이 잘못되었습니다. 
252 행: txtError의 _ExtentX 속성 이름이 잘못되었습니다. 
253 행: txtError의 _ExtentY 속성 이름이 잘못되었습니다. 
312 행: txtQuestion의 _ExtentX 속성 이름이 잘못되었습니다. 
313 행: txtQuestion의 _ExtentY 속성 이름이 잘못되었습니다. 
459 행: txtEdit의 _ExtentX 속성 이름이 잘못되었습니다. 
460 행: txtEdit의 _ExtentY 속성 이름이 잘못되었습니다. 
648 행: cbLanguage의 _ExtentX 속성 이름이 잘못되었습니다. 
649 행: cbLanguage의 _ExtentY 속성 이름이 잘못되었습니다. 
658 행: cbFont의 _ExtentX 속성 이름이 잘못되었습니다. 
659 행: cbFont의 _ExtentY 속성 이름이 잘못되었습니다. 
756 행: txtMaxThreadCount의 _ExtentX 속성 이름이 잘못되었습니다. 
757 행: txtMaxThreadCount의 _ExtentY 속성 이름이 잘못되었습니다. 
778 행: cbWhenExist의 _ExtentX 속성 이름이 잘못되었습니다. 
779 행: cbWhenExist의 _ExtentY 속성 이름이 잘못되었습니다. 
839 행: txtOuterMaxThreadCount의 _ExtentX 속성 이름이 잘못되었습니다. 
840 행: txtOuterMaxThreadCount의 _ExtentY 속성 이름이 잘못되었습니다. 
937 행: txtYtdlPath의 _ExtentX 속성 이름이 잘못되었습니다. 
938 행: txtYtdlPath의 _ExtentY 속성 이름이 잘못되었습니다. 
946 행: txtNodePath의 _ExtentX 속성 이름이 잘못되었습니다. 
947 행: txtNodePath의 _ExtentY 속성 이름이 잘못되었습니다. 
955 행: txtScriptPath의 _ExtentX 속성 이름이 잘못되었습니다. 
956 행: txtScriptPath의 _ExtentY 속성 이름이 잘못되었습니다. 
1030 행: cbSkin의 _ExtentX 속성 이름이 잘못되었습니다. 
1031 행: cbSkin의 _ExtentY 속성 이름이 잘못되었습니다. 
1041 행: cbFrameSkin의 _ExtentX 속성 이름이 잘못되었습니다. 
1042 행: cbFrameSkin의 _ExtentY 속성 이름이 잘못되었습니다. 
1151 행: TextBoxW1의 _ExtentX 속성 이름이 잘못되었습니다. 
1152 행: TextBoxW1의 _ExtentY 속성 이름이 잘못되었습니다. 
1310 행: cbImagePosition의 _ExtentX 속성 이름이 잘못되었습니다. 
1311 행: cbImagePosition의 _ExtentY 속성 이름이 잘못되었습니다. 
